  StdAfx.cpp
  AttributeData.cpp
  AttributeInstance.cpp
  BlockTexture.cpp
  CWikiRenderTarget.cpp
  CWikiRenderTargetManager.cpp
  Camera.cpp
  CollisionData.cpp
  ColorTransitionHelper.cpp
  CullingManager.cpp
  Decal.cpp
C:\Users\michael\Desktop\Binary\Client\eterLib\SkyBox.h(108,2): warning C5208: unnamed class used in typedef name cannot declare members other than non-static data members, member enumerations, or member classes (compiling source file CWikiRenderTarget.cpp)
  DibBar.cpp
  EnvironmentMap.cpp
  FileLoaderThread.cpp
  GrpBase.cpp
  GrpCollisionObject.cpp
  GrpColor.cpp
  GrpColorInstance.cpp
  GrpD3DXBuffer.cpp
  GrpDIB.cpp
  GrpDetector.cpp
  GrpDevice.cpp
  GrpExpandedImageInstance.cpp
  GrpFontTexture.cpp
  GrpImage.cpp
  GrpImageInstance.cpp
  GrpImageTexture.cpp
  GrpIndexBuffer.cpp
  GrpLightManager.cpp
  GrpMarkInstance.cpp
  GrpMath.cpp
  GrpObjectInstance.cpp
  GrpPixelShader.cpp
  GrpRatioInstance.cpp
  GrpScreen.cpp
  GrpShadowTexture.cpp
  GrpSubImage.cpp
  GrpText.cpp
  GrpTextInstance.cpp
  GrpTexture.cpp
  GrpVertexBuffer.cpp
  GrpVertexBufferDynamic.cpp
  GrpVertexBufferStatic.cpp
  GrpVertexShader.cpp
  GrpWikiRenderTargetTexture.cpp
  IME.cpp
  Input.cpp
  JpegFile.cpp
C:\Users\michael\Desktop\Binary\Client\EterLib\IME.cpp(313,2): warning C4996: 'GetVersionExA': was declared deprecated
  LensFlare.cpp
C:\Users\michael\Desktop\Binary\Client\EterLib\IME.cpp(1202,7): warning C4996: 'GetVersionExA': was declared deprecated
  MSApplication.cpp
  MSWindow.cpp
  Mutex.cpp
  NetAddress.cpp
  NetDatagram.cpp
  NetDatagramReceiver.cpp
  NetDatagramSender.cpp
  NetDevice.cpp
  NetPacketHeaderMap.cpp
  NetStream.cpp
  PathStack.cpp
  ReferenceObject.cpp
  Resource.cpp
  ResourceManager.cpp
  ScreenFilter.cpp
  SkyBox.cpp
  StateManager.cpp
  TargaResource.cpp
  TextBar.cpp
  TextFileLoader.cpp
C:\Users\michael\Desktop\Binary\Client\EterLib\SkyBox.h(108,2): warning C5208: unnamed class used in typedef name cannot declare members other than non-static data members, member enumerations, or member classes (compiling source file SkyBox.cpp)
  TextTag.cpp
  Thread.cpp
  Util.cpp
  lineintersect_utils.cpp
  parser.cpp
  eterlib.vcxproj -> C:\Users\michael\Desktop\Binary\Client\EterLib\Release\eterlib.lib
